21:55:05.873 [main] INFO  testCases.TC001_AccountRegistrationTest {36}  
11:24:44.841 [main] INFO  testCases.TC002_LoginTest {36} *********Starting the TC002 Login Test***************
11:34:04.429 [main] INFO  testCases.TC002_LoginTest {36} *********Starting the TC002 Login Test***************
11:35:08.362 [main] INFO  testCases.TC002_LoginTest {36} *********Starting the TC002 Login Test***************
11:37:30.715 [main] INFO  testCases.TC002_LoginTest {36} *********Starting the TC002 Login Test***************
11:40:18.626 [main] INFO  testCases.TC002_LoginTest {36} *********Starting the TC002 Login Test***************
11:46:41.367 [main] INFO  testCases.TC002_LoginTest {36} *********Starting the TC002 Login Test***************
11:46:41.483 [main] INFO  testCases.TC002_LoginTest {36} *********Clicked MyAccount***************
11:46:42.902 [main] INFO  testCases.TC002_LoginTest {36} *********Clicked LoginBTN***************
11:52:15.075 [main] INFO  testCases.TC002_LoginTest {36} *********Starting the TC002 Login Test***************
11:52:15.223 [main] INFO  testCases.TC002_LoginTest {36} *********Clicked MyAccount***************
11:52:16.669 [main] INFO  testCases.TC002_LoginTest {36} *********Clicked LoginBTN***************
11:54:59.187 [main] INFO  testCases.TC001_AccountRegistrationTest {36} ******** Starting the TC001_AccountRegistrationTest **********
11:54:59.299 [main] INFO  testCases.TC001_AccountRegistrationTest {36} Clicked on My account....
11:54:59.885 [main] INFO  testCases.TC001_AccountRegistrationTest {36} Clicked on the Register....
11:54:59.889 [main] INFO  testCases.TC001_AccountRegistrationTest {36} Providing the user's info....
11:55:00.524 [main] INFO  testCases.TC001_AccountRegistrationTest {36} Validating the success message 😊
11:55:01.499 [main] INFO  testCases.TC001_AccountRegistrationTest {36} Validating the success message 😊
11:55:01.503 [main] INFO  testCases.TC001_AccountRegistrationTest {36} ******** Finished the TC001_AccountRegistrationTest **********
11:55:01.503 [main] INFO  testCases.TC001_AccountRegistrationTest {36}  
11:55:01.504 [main] INFO  testCases.TC001_AccountRegistrationTest {36}  
11:58:02.893 [main] INFO  testCases.TC002_LoginTest {36} *********Starting the TC002 Login Test***************
11:58:02.990 [main] INFO  testCases.TC002_LoginTest {36} *********Clicked MyAccount***************
11:58:04.371 [main] INFO  testCases.TC002_LoginTest {36} *********Clicked LoginBTN***************
11:59:29.369 [main] INFO  testCases.TC002_LoginTest {36} *********Starting the TC002 Login Test***************
11:59:29.477 [main] INFO  testCases.TC002_LoginTest {36} *********Clicked MyAccount***************
11:59:29.946 [main] INFO  testCases.TC002_LoginTest {36} *********Clicked LoginBTN***************
12:02:23.150 [main] INFO  testCases.TC002_LoginTest {36} *********Starting the TC002 Login Test***************
12:02:23.277 [main] INFO  testCases.TC002_LoginTest {36} *********Clicked MyAccount***************
12:02:23.722 [main] INFO  testCases.TC002_LoginTest {36} *********Clicked LoginBTN***************
12:04:22.381 [main] INFO  testCases.TC002_LoginTest {36} *********Starting the TC002 Login Test***************
12:04:23.735 [main] INFO  testCases.TC002_LoginTest {36} *********Clicked MyAccount***************
12:04:24.102 [main] INFO  testCases.TC002_LoginTest {36} *********Clicked LoginBTN***************
12:04:27.111 [main] INFO  testCases.TC002_LoginTest {36} *********Created the LP Object***************
12:05:43.353 [main] INFO  testCases.TC002_LoginTest {36} *********Starting the TC002 Login Test***************
12:05:43.464 [main] INFO  testCases.TC002_LoginTest {36} *********Clicked MyAccount***************
12:05:43.995 [main] INFO  testCases.TC002_LoginTest {36} *********Clicked LoginBTN***************
12:05:46.999 [main] INFO  testCases.TC002_LoginTest {36} *********Created the LP Object***************
12:05:47.444 [main] INFO  testCases.TC002_LoginTest {36} *********Enter The email***************
12:05:47.520 [main] INFO  testCases.TC002_LoginTest {36} *********Enter The email_Password***************
12:05:47.591 [main] INFO  testCases.TC002_LoginTest {36} *********Looged In***************
12:08:07.510 [main] INFO  testCases.TC002_LoginTest {36} *********Starting the TC002 Login Test***************
12:08:07.630 [main] INFO  testCases.TC002_LoginTest {36} *********Clicked MyAccount***************
12:08:08.000 [main] INFO  testCases.TC002_LoginTest {36} *********Clicked LoginBTN***************
12:08:11.009 [main] INFO  testCases.TC002_LoginTest {36} *********Created the LP Object***************
12:08:11.485 [main] INFO  testCases.TC002_LoginTest {36} *********Enter The email***************
12:08:11.557 [main] INFO  testCases.TC002_LoginTest {36} *********Enter The email_Password***************
12:08:12.234 [main] INFO  testCases.TC002_LoginTest {36} *********Looged In***************
12:11:18.024 [main] INFO  testCases.TC002_LoginTest {36} *********Starting the TC002 Login Test***************
