21:39:15.206 [main] DEBUG testCases.TC001_AccountRegistrationTest {36} Debug info or page source if needed...
21:40:11.849 [TestNG-tests-1] INFO  testCases.TC001_AccountRegistrationTest {36} ******** Starting the TC001_AccountRegistrationTest **********
21:40:12.090 [TestNG-tests-1] INFO  testCases.TC001_AccountRegistrationTest {36} Clicked on My account....
21:40:13.439 [TestNG-tests-1] INFO  testCases.TC001_AccountRegistrationTest {36} Clicked on the Register....
21:40:13.448 [TestNG-tests-1] INFO  testCases.TC001_AccountRegistrationTest {36} Providing the user's info....
21:40:15.828 [TestNG-tests-1] INFO  testCases.TC001_AccountRegistrationTest {36} Validating the success message 😊
21:40:15.958 [TestNG-tests-1] INFO  testCases.TC001_AccountRegistrationTest {36} Validating the success message 😊
21:40:15.964 [TestNG-tests-1] INFO  testCases.TC001_AccountRegistrationTest {36} ******** Finished the TC001_AccountRegistrationTest **********
21:40:15.965 [TestNG-tests-1] INFO  testCases.TC001_AccountRegistrationTest {36}  
21:40:15.965 [TestNG-tests-1] INFO  testCases.TC001_AccountRegistrationTest {36}  
21:40:53.840 [TestNG-tests-2] INFO  testCases.TC001_AccountRegistrationTest {36} ******** Starting the TC001_AccountRegistrationTest **********
21:40:54.084 [TestNG-tests-2] INFO  testCases.TC001_AccountRegistrationTest {36} Clicked on My account....
21:40:54.848 [TestNG-tests-2] INFO  testCases.TC001_AccountRegistrationTest {36} Clicked on the Register....
21:40:54.849 [TestNG-tests-2] INFO  testCases.TC001_AccountRegistrationTest {36} Providing the user's info....
21:40:57.292 [TestNG-tests-2] INFO  testCases.TC001_AccountRegistrationTest {36} Validating the success message 😊
21:40:57.404 [TestNG-tests-2] INFO  testCases.TC001_AccountRegistrationTest {36} Validating the success message 😊
21:40:57.404 [TestNG-tests-2] INFO  testCases.TC001_AccountRegistrationTest {36} ******** Finished the TC001_AccountRegistrationTest **********
21:40:57.404 [TestNG-tests-2] INFO  testCases.TC001_AccountRegistrationTest {36}  
21:40:57.404 [TestNG-tests-2] INFO  testCases.TC001_AccountRegistrationTest {36}  
21:41:21.871 [TestNG-tests-1] INFO  testCases.TC001_AccountRegistrationTest {36} ******** Starting the TC001_AccountRegistrationTest **********
21:41:22.466 [TestNG-tests-1] INFO  testCases.TC001_AccountRegistrationTest {36} Clicked on My account....
21:41:27.598 [TestNG-tests-1] INFO  testCases.TC001_AccountRegistrationTest {36} Clicked on the Register....
21:41:27.612 [TestNG-tests-1] INFO  testCases.TC001_AccountRegistrationTest {36} Providing the user's info....
21:41:28.014 [TestNG-tests-2] INFO  testCases.TC001_AccountRegistrationTest {36} ******** Starting the TC001_AccountRegistrationTest **********
21:41:28.225 [TestNG-tests-2] INFO  testCases.TC001_AccountRegistrationTest {36} Clicked on My account....
21:41:29.870 [TestNG-tests-2] INFO  testCases.TC001_AccountRegistrationTest {36} Clicked on the Register....
21:41:29.872 [TestNG-tests-2] INFO  testCases.TC001_AccountRegistrationTest {36} Providing the user's info....
21:41:30.025 [TestNG-tests-1] INFO  testCases.TC001_AccountRegistrationTest {36} Validating the success message 😊
21:41:30.156 [TestNG-tests-1] INFO  testCases.TC001_AccountRegistrationTest {36} Validating the success message 😊
21:41:30.182 [TestNG-tests-1] INFO  testCases.TC001_AccountRegistrationTest {36} ******** Finished the TC001_AccountRegistrationTest **********
21:41:30.183 [TestNG-tests-1] INFO  testCases.TC001_AccountRegistrationTest {36}  
21:41:30.184 [TestNG-tests-1] INFO  testCases.TC001_AccountRegistrationTest {36}  
21:41:32.544 [TestNG-tests-2] INFO  testCases.TC001_AccountRegistrationTest {36} Validating the success message 😊
21:41:32.601 [TestNG-tests-2] INFO  testCases.TC001_AccountRegistrationTest {36} Validating the success message 😊
21:41:32.601 [TestNG-tests-2] INFO  testCases.TC001_AccountRegistrationTest {36} ******** Finished the TC001_AccountRegistrationTest **********
21:41:32.601 [TestNG-tests-2] INFO  testCases.TC001_AccountRegistrationTest {36}  
21:41:32.601 [TestNG-tests-2] INFO  testCases.TC001_AccountRegistrationTest {36}  
21:54:59.985 [main] INFO  testCases.TC001_AccountRegistrationTest {36} ******** Starting the TC001_AccountRegistrationTest **********
21:55:00.256 [main] INFO  testCases.TC001_AccountRegistrationTest {36} Clicked on My account....
21:55:01.146 [main] INFO  testCases.TC001_AccountRegistrationTest {36} Clicked on the Register....
21:55:01.153 [main] INFO  testCases.TC001_AccountRegistrationTest {36} Providing the user's info....
21:55:05.801 [main] INFO  testCases.TC001_AccountRegistrationTest {36} Validating the success message 😊
21:55:05.860 [main] INFO  testCases.TC001_AccountRegistrationTest {36} Validating the success message 😊
21:55:05.872 [main] INFO  testCases.TC001_AccountRegistrationTest {36} ******** Finished the TC001_AccountRegistrationTest **********
21:55:05.872 [main] INFO  testCases.TC001_AccountRegistrationTest {36}  
