18:14:58.420 [main] DEBUG org.apache.poi.openxml4j.opc.PackageRelationshipCollection {36} Parsing relationship: /xl/worksheets/_rels/sheet1.xml.rels
18:14:58.429 [main] DEBUG org.apache.poi.openxml4j.opc.PackageRelationshipCollection {36} Parsing relationship: /_rels/.rels
18:14:58.452 [main] DEBUG org.apache.poi.openxml4j.opc.PackageRelationshipCollection {36} Parsing relationship: /xl/_rels/workbook.xml.rels
18:14:58.453 [main] DEBUG org.apache.poi.openxml4j.opc.PackageRelationshipCollection {36} Parsing relationship: /xl/worksheets/_rels/sheet1.xml.rels
18:14:58.455 [main] DEBUG org.apache.poi.openxml4j.opc.PackageRelationshipCollection {36} Parsing relationship: /_rels/.rels
18:14:58.481 [main] DEBUG org.apache.poi.openxml4j.opc.PackageRelationshipCollection {36} Parsing relationship: /xl/_rels/workbook.xml.rels
18:14:58.484 [main] DEBUG org.apache.poi.openxml4j.opc.PackageRelationshipCollection {36} Parsing relationship: /xl/worksheets/_rels/sheet1.xml.rels
18:14:58.485 [main] DEBUG org.apache.poi.openxml4j.opc.PackageRelationshipCollection {36} Parsing relationship: /_rels/.rels
18:14:58.505 [main] DEBUG org.apache.poi.openxml4j.opc.PackageRelationshipCollection {36} Parsing relationship: /xl/_rels/workbook.xml.rels
18:14:58.506 [main] DEBUG org.apache.poi.openxml4j.opc.PackageRelationshipCollection {36} Parsing relationship: /xl/worksheets/_rels/sheet1.xml.rels
18:14:58.507 [main] DEBUG org.apache.poi.openxml4j.opc.PackageRelationshipCollection {36} Parsing relationship: /_rels/.rels
18:14:58.528 [main] DEBUG org.apache.poi.openxml4j.opc.PackageRelationshipCollection {36} Parsing relationship: /xl/_rels/workbook.xml.rels
18:14:58.529 [main] DEBUG org.apache.poi.openxml4j.opc.PackageRelationshipCollection {36} Parsing relationship: /xl/worksheets/_rels/sheet1.xml.rels
18:14:58.530 [main] DEBUG org.apache.poi.openxml4j.opc.PackageRelationshipCollection {36} Parsing relationship: /_rels/.rels
18:14:58.557 [main] DEBUG org.apache.poi.openxml4j.opc.PackageRelationshipCollection {36} Parsing relationship: /xl/_rels/workbook.xml.rels
18:14:58.561 [main] DEBUG org.apache.poi.openxml4j.opc.PackageRelationshipCollection {36} Parsing relationship: /xl/worksheets/_rels/sheet1.xml.rels
18:14:58.566 [main] DEBUG org.apache.poi.openxml4j.opc.PackageRelationshipCollection {36} Parsing relationship: /_rels/.rels
18:14:58.597 [main] DEBUG org.apache.poi.openxml4j.opc.PackageRelationshipCollection {36} Parsing relationship: /xl/_rels/workbook.xml.rels
18:14:58.598 [main] DEBUG org.apache.poi.openxml4j.opc.PackageRelationshipCollection {36} Parsing relationship: /xl/worksheets/_rels/sheet1.xml.rels
18:14:58.600 [main] DEBUG org.apache.poi.openxml4j.opc.PackageRelationshipCollection {36} Parsing relationship: /_rels/.rels
18:14:58.631 [main] DEBUG org.apache.poi.openxml4j.opc.PackageRelationshipCollection {36} Parsing relationship: /xl/_rels/workbook.xml.rels
18:14:58.633 [main] DEBUG org.apache.poi.openxml4j.opc.PackageRelationshipCollection {36} Parsing relationship: /xl/worksheets/_rels/sheet1.xml.rels
18:14:58.635 [main] DEBUG org.apache.poi.openxml4j.opc.PackageRelationshipCollection {36} Parsing relationship: /_rels/.rels
18:14:58.669 [main] DEBUG org.apache.poi.openxml4j.opc.PackageRelationshipCollection {36} Parsing relationship: /xl/_rels/workbook.xml.rels
18:14:58.672 [main] DEBUG org.apache.poi.openxml4j.opc.PackageRelationshipCollection {36} Parsing relationship: /xl/worksheets/_rels/sheet1.xml.rels
18:14:58.677 [main] DEBUG org.apache.poi.openxml4j.opc.PackageRelationshipCollection {36} Parsing relationship: /_rels/.rels
18:14:58.774 [main] INFO  testCases.TC003_LoginDDT {36} ************** Starting TC003_LoginDDT *****************
18:14:59.032 [main] INFO  testCases.TC003_LoginDDT {36} *********Clicked MyAccount***************
18:14:59.506 [main] INFO  testCases.TC003_LoginDDT {36} *********Clicked LoginBTN***************
18:14:59.508 [main] INFO  testCases.TC003_LoginDDT {36} *********Created the LP Object***************
18:14:59.656 [main] INFO  testCases.TC003_LoginDDT {36} *********Enter The email***************
18:14:59.746 [main] INFO  testCases.TC003_LoginDDT {36} *********Enter The email_Password***************
18:15:00.498 [main] INFO  testCases.TC003_LoginDDT {36} *********Looged In***************
18:15:10.790 [main] INFO  testCases.TC003_LoginDDT {36} ************** Starting TC003_LoginDDT *****************
18:15:10.875 [main] INFO  testCases.TC003_LoginDDT {36} *********Clicked MyAccount***************
18:15:11.520 [main] INFO  testCases.TC003_LoginDDT {36} *********Clicked LoginBTN***************
18:15:11.520 [main] INFO  testCases.TC003_LoginDDT {36} *********Created the LP Object***************
18:15:11.617 [main] INFO  testCases.TC003_LoginDDT {36} *********Enter The email***************
18:15:11.684 [main] INFO  testCases.TC003_LoginDDT {36} *********Enter The email_Password***************
18:15:11.773 [main] INFO  testCases.TC003_LoginDDT {36} *********Looged In***************
