18:15:13.583 [main] INFO  testCases.TC003_LoginDDT {36} ************** Starting TC003_LoginDDT *****************
18:15:13.649 [main] INFO  testCases.TC003_LoginDDT {36} *********Clicked MyAccount***************
18:15:14.003 [main] INFO  testCases.TC003_LoginDDT {36} *********Clicked LoginBTN***************
18:15:14.004 [main] INFO  testCases.TC003_LoginDDT {36} *********Created the LP Object***************
18:15:14.093 [main] INFO  testCases.TC003_LoginDDT {36} *********Enter The email***************
18:15:14.150 [main] INFO  testCases.TC003_LoginDDT {36} *********Enter The email_Password***************
18:15:14.988 [main] INFO  testCases.TC003_LoginDDT {36} *********Looged In***************
18:15:15.952 [main] INFO  testCases.TC003_LoginDDT {36} ************** Starting TC003_LoginDDT *****************
18:15:16.169 [main] INFO  testCases.TC003_LoginDDT {36} *********Clicked MyAccount***************
18:15:16.563 [main] INFO  testCases.TC003_LoginDDT {36} *********Clicked LoginBTN***************
18:15:16.565 [main] INFO  testCases.TC003_LoginDDT {36} *********Created the LP Object***************
18:15:16.723 [main] INFO  testCases.TC003_LoginDDT {36} *********Enter The email***************
18:15:16.851 [main] INFO  testCases.TC003_LoginDDT {36} *********Enter The email_Password***************
18:15:16.975 [main] INFO  testCases.TC003_LoginDDT {36} *********Looged In***************
18:15:19.709 [main] INFO  testCases.TC003_LoginDDT {36} ************** Starting TC003_LoginDDT *****************
18:15:19.808 [main] INFO  testCases.TC003_LoginDDT {36} *********Clicked MyAccount***************
18:15:20.181 [main] INFO  testCases.TC003_LoginDDT {36} *********Clicked LoginBTN***************
18:15:20.182 [main] INFO  testCases.TC003_LoginDDT {36} *********Created the LP Object***************
18:15:20.299 [main] INFO  testCases.TC003_LoginDDT {36} *********Enter The email***************
18:15:20.384 [main] INFO  testCases.TC003_LoginDDT {36} *********Enter The email_Password***************
18:15:20.517 [main] INFO  testCases.TC003_LoginDDT {36} *********Looged In***************
18:15:31.478 [main] INFO  testCases.TC003_LoginDDT {36} ************** Finished TC003_LoginDDT *****************
18:15:31.478 [main] INFO  testCases.TC003_LoginDDT {36} ************** Starting TC003_LoginDDT *****************
18:15:31.605 [main] INFO  testCases.TC003_LoginDDT {36} *********Clicked MyAccount***************
18:15:32.335 [main] INFO  testCases.TC003_LoginDDT {36} *********Clicked LoginBTN***************
18:15:32.336 [main] INFO  testCases.TC003_LoginDDT {36} *********Created the LP Object***************
18:15:32.461 [main] INFO  testCases.TC003_LoginDDT {36} *********Enter The email***************
18:15:32.532 [main] INFO  testCases.TC003_LoginDDT {36} *********Enter The email_Password***************
18:15:33.429 [main] INFO  testCases.TC003_LoginDDT {36} *********Looged In***************
18:15:34.018 [main] INFO  testCases.TC003_LoginDDT {36} ************** Finished TC003_LoginDDT *****************
