09:52:43.783 [main] DEBUG org.apache.poi.openxml4j.opc.PackageRelationshipCollection {36} Parsing relationship: /xl/_rels/workbook.xml.rels
09:52:43.792 [main] DEBUG org.apache.poi.openxml4j.opc.PackageRelationshipCollection {36} Parsing relationship: /xl/worksheets/_rels/sheet1.xml.rels
09:52:43.792 [main] DEBUG org.apache.poi.openxml4j.opc.PackageRelationshipCollection {36} Parsing relationship: /_rels/.rels
09:52:43.815 [main] DEBUG org.apache.poi.openxml4j.opc.PackageRelationshipCollection {36} Parsing relationship: /xl/_rels/workbook.xml.rels
09:52:43.817 [main] DEBUG org.apache.poi.openxml4j.opc.PackageRelationshipCollection {36} Parsing relationship: /xl/worksheets/_rels/sheet1.xml.rels
09:52:43.817 [main] DEBUG org.apache.poi.openxml4j.opc.PackageRelationshipCollection {36} Parsing relationship: /_rels/.rels
09:52:43.838 [main] DEBUG org.apache.poi.openxml4j.opc.PackageRelationshipCollection {36} Parsing relationship: /xl/_rels/workbook.xml.rels
09:52:43.840 [main] DEBUG org.apache.poi.openxml4j.opc.PackageRelationshipCollection {36} Parsing relationship: /xl/worksheets/_rels/sheet1.xml.rels
09:52:43.840 [main] DEBUG org.apache.poi.openxml4j.opc.PackageRelationshipCollection {36} Parsing relationship: /_rels/.rels
09:52:43.852 [main] DEBUG org.apache.poi.openxml4j.opc.PackageRelationshipCollection {36} Parsing relationship: /xl/_rels/workbook.xml.rels
09:52:43.860 [main] DEBUG org.apache.poi.openxml4j.opc.PackageRelationshipCollection {36} Parsing relationship: /xl/worksheets/_rels/sheet1.xml.rels
09:52:43.860 [main] DEBUG org.apache.poi.openxml4j.opc.PackageRelationshipCollection {36} Parsing relationship: /_rels/.rels
09:52:43.872 [main] DEBUG org.apache.poi.openxml4j.opc.PackageRelationshipCollection {36} Parsing relationship: /xl/_rels/workbook.xml.rels
09:52:43.872 [main] DEBUG org.apache.poi.openxml4j.opc.PackageRelationshipCollection {36} Parsing relationship: /xl/worksheets/_rels/sheet1.xml.rels
09:52:43.872 [main] DEBUG org.apache.poi.openxml4j.opc.PackageRelationshipCollection {36} Parsing relationship: /_rels/.rels
09:52:43.898 [main] DEBUG org.apache.poi.openxml4j.opc.PackageRelationshipCollection {36} Parsing relationship: /xl/_rels/workbook.xml.rels
09:52:43.901 [main] DEBUG org.apache.poi.openxml4j.opc.PackageRelationshipCollection {36} Parsing relationship: /xl/worksheets/_rels/sheet1.xml.rels
09:52:43.902 [main] DEBUG org.apache.poi.openxml4j.opc.PackageRelationshipCollection {36} Parsing relationship: /_rels/.rels
09:52:43.912 [main] INFO  testCases.TC003_LoginDDT {36} ************** Starting TC003_LoginDDT *****************
09:52:44.026 [main] INFO  testCases.TC003_LoginDDT {36} *********Clicked MyAccount***************
09:52:44.438 [main] INFO  testCases.TC003_LoginDDT {36} *********Clicked LoginBTN***************
09:52:44.438 [main] INFO  testCases.TC003_LoginDDT {36} *********Created the LP Object***************
09:52:44.572 [main] INFO  testCases.TC003_LoginDDT {36} *********Enter The email***************
09:52:44.653 [main] INFO  testCases.TC003_LoginDDT {36} *********Enter The email_Password***************
09:52:44.723 [main] INFO  testCases.TC003_LoginDDT {36} *********Looged In***************
09:52:53.687 [main] INFO  testCases.TC003_LoginDDT {36} ************** Starting TC003_LoginDDT *****************
09:52:53.773 [main] INFO  testCases.TC003_LoginDDT {36} ************** Starting TC003_LoginDDT *****************
09:52:53.783 [main] INFO  testCases.TC003_LoginDDT {36} ************** Starting TC003_LoginDDT *****************
09:52:53.793 [main] INFO  testCases.TC003_LoginDDT {36} ************** Starting TC003_LoginDDT *****************
09:52:53.797 [main] INFO  testCases.TC003_LoginDDT {36} ************** Starting TC003_LoginDDT *****************
09:54:40.180 [main] INFO  testCases.TC002_LoginTest {36} *********Starting the TC002 Login Test***************
09:54:40.291 [main] INFO  testCases.TC002_LoginTest {36} *********Clicked MyAccount***************
09:54:40.691 [main] INFO  testCases.TC002_LoginTest {36} *********Clicked LoginBTN***************
09:54:41.915 [main] INFO  testCases.TC002_LoginTest {36} *********Finshed the TC002 Login Test***************
14:04:48.615 [main] INFO  testCases.TC001_AccountRegistrationTest {36} ******** Starting the TC001_AccountRegistrationTest **********
14:04:48.883 [main] INFO  testCases.TC001_AccountRegistrationTest {36} Clicked on My account....
14:04:49.667 [main] INFO  testCases.TC001_AccountRegistrationTest {36} Clicked on the Register....
14:04:49.676 [main] INFO  testCases.TC001_AccountRegistrationTest {36} Providing the user's info....
14:04:52.150 [main] INFO  testCases.TC001_AccountRegistrationTest {36} Validating the success message 😊
14:04:52.270 [main] INFO  testCases.TC001_AccountRegistrationTest {36} Validating the success message 😊
14:04:52.270 [main] INFO  testCases.TC001_AccountRegistrationTest {36} ******** Finished the TC001_AccountRegistrationTest **********
14:04:52.270 [main] INFO  testCases.TC001_AccountRegistrationTest {36}  
